<?xml version="1.0" encoding="UTF-8"?>
<!-- Generated by org.testng.reporters.JUnitReportReporter -->
<testsuite skipped="0" hostname="DESKTOP-VOH9HBJ" name="com.theinternettests.tests.CheckEditLinksForAllElements" tests="1" failures="0" timestamp="19 Mar 2018 16:06:10 GMT" time="17.935" errors="0">
  <testcase name="checkEditLink" time="17.935" classname="com.theinternettests.tests.CheckEditLinksForAllElements"/>
</testsuite> <!-- com.theinternettests.tests.CheckEditLinksForAllElements -->
