<?xml version="1.0" encoding="UTF-8"?>
<!-- Generated by org.testng.reporters.JUnitReportReporter -->
<testsuite skipped="1" hostname="DESKTOP-VOH9HBJ" name="com.theinternettests.tests.RetrieveWebTableCOntent" tests="1" failures="0" timestamp="19 Mar 2018 18:03:53 GMT" time="0.000" errors="0">
  <testcase name="retrieveWebTableContent" time="0.000" classname="com.theinternettests.tests.RetrieveWebTableCOntent">
    <skipped/>
  </testcase> <!-- retrieveWebTableContent -->
</testsuite> <!-- com.theinternettests.tests.RetrieveWebTableCOntent -->
