<?xml version="1.0" encoding="UTF-8"?>
<!-- Generated by org.testng.reporters.JUnitReportReporter -->
<testsuite skipped="0" hostname="DESKTOP-VOH9HBJ" name="com.theinternettests.tests.CheckAlertButtonColor" tests="1" failures="0" timestamp="19 Mar 2018 17:15:01 GMT" time="4.467" errors="0">
  <testcase name="checkAlertButtonColor" time="4.467" classname="com.theinternettests.tests.CheckAlertButtonColor"/>
</testsuite> <!-- com.theinternettests.tests.CheckAlertButtonColor -->
