<?xml version="1.0" encoding="UTF-8"?>
<!-- Generated by org.testng.reporters.JUnitReportReporter -->
<testsuite skipped="0" hostname="DESKTOP-VOH9HBJ" name="com.theinternettests.tests.CheckButtonColor" tests="1" failures="0" timestamp="19 Mar 2018 16:55:11 GMT" time="5.305" errors="0">
  <testcase name="checkButtonColor" time="5.305" classname="com.theinternettests.tests.CheckButtonColor"/>
</testsuite> <!-- com.theinternettests.tests.CheckButtonColor -->
