<?xml version="1.0" encoding="UTF-8"?>
<!-- Generated by org.testng.reporters.JUnitReportReporter -->
<testsuite skipped="0" hostname="DESKTOP-VOH9HBJ" name="com.theinternettests.tests.CheckCanvasPresence" tests="1" failures="0" timestamp="19 Mar 2018 16:56:53 GMT" time="5.981" errors="0">
  <testcase name="checkCanvasPresence" time="5.981" classname="com.theinternettests.tests.CheckCanvasPresence"/>
</testsuite> <!-- com.theinternettests.tests.CheckCanvasPresence -->
