<?xml version="1.0" encoding="UTF-8"?>
<!-- Generated by org.testng.reporters.JUnitReportReporter -->
<testsuite skipped="0" hostname="DESKTOP-VOH9HBJ" name="com.theinternettests.tests.CheckDeleteLinkForAllElements" tests="1" failures="0" timestamp="19 Mar 2018 16:06:12 GMT" time="24.512" errors="0">
  <testcase name="checkDeleteLink" time="24.512" classname="com.theinternettests.tests.CheckDeleteLinkForAllElements"/>
</testsuite> <!-- com.theinternettests.tests.CheckDeleteLinkForAllElements -->
